<?xml version="1.0" encoding="UTF-8"?>
<testsuite xmlns:xsi="http://www.w3.org/2001/XMLSchema-instance" xsi:noNamespaceSchemaLocation="https://maven.apache.org/surefire/maven-surefire-plugin/xsd/surefire-test-report-3.0.xsd" version="3.0" name="testRunner.TestRunner" time="8.876" tests="1" errors="0" skipped="0" failures="0">
  <properties>
[...]
</properties>
  <testcase name="succesfully login with valid credentials and shop a shirt" classname="succesfully login with valid credentials and shop a shirt" time="7.422">
    <system-out><![CDATA[
@Sanity @Regression
Scenario: succesfully login with valid credentials and shop a shirt                             # Features/LogInTest.feature:4
  Given User Launch Browser                                                                     # stepDefinitions.TestSteps.user_launch_browser()
  And Opens URL "http://www.saucedemo.com/"                                                     # stepDefinitions.TestSteps.opens_url(java.lang.String)
  When User Enters user-name  as "standard_user" and Password as "secret_sauce"                 # stepDefinitions.TestSteps.user_enters_user_name_as_and_password_as(java.lang.String,java.lang.String)
  And Click on Login button                                                                     # stepDefinitions.TestSteps.click_on_login_button()
  And click on the alert                                                                        # stepDefinitions.TestSteps.click_on_dropdown()
  And Click on  dropdown                                                                        # stepDefinitions.TestSteps.click_on_dropdown()
  And add to cart                                                                               # stepDefinitions.TestSteps.add_to_cart()
  And click on the addcart symbol                                                               # stepDefinitions.TestSteps.click_on_the_addcart_symbol()
  And remove product from the cart                                                              # stepDefinitions.TestSteps.remove_product_from_the_cart()
  And check checkout functionality                                                              # stepDefinitions.TestSteps.check_checkout_functionality()
  And user Enters First-name as "Karan" and last-name as "Dubey" and Zip/Postal Code as "55305" # stepDefinitions.TestSteps.user_enters_first_name_as_and_last_name_as_and_zip_postal_code_as(java.lang.String,java.lang.String,java.lang.String)
  And Click on continue                                                                         # stepDefinitions.TestSteps.click_on_continue()
  And Click on finish                                                                           # stepDefinitions.TestSteps.click_on_finish()
Scenariro status:PASSED
]]></system-out>
    <system-err><![CDATA[SLF4J: Failed to load class "org.slf4j.impl.StaticLoggerBinder".
SLF4J: Defaulting to no-operation (NOP) logger implementation
SLF4J: See http://www.slf4j.org/codes.html#StaticLoggerBinder for further details.
Starting ChromeDriver 114.0.5735.90 (386bc09e8f4f2e025eddae123f36f6263096ae49-refs/branch-heads/5735@{#1052}) on port 14449
Only local connections are allowed.
Please see https://chromedriver.chromium.org/security-considerations for suggestions on keeping ChromeDriver safe.
ChromeDriver was started successfully.
Jul 22, 2023 7:37:52 AM org.openqa.selenium.devtools.CdpVersionFinder findNearestMatch
WARNING: Unable to find an exact match for CDP version 114, so returning the closest version found: 112
]]></system-err>
  </testcase>
</testsuite>